<?xml version="1.0" encoding="UTF-8"?>
<!-- Generated by org.testng.reporters.JUnitReportReporter -->
<testsuite hostname="Diksha" failures="0" tests="2" name="TestFW.Tests.Test1" time="9.907" errors="0" timestamp="17 May 2024 12:39:00 GMT" skipped="0">
  <testcase classname="TestFW.Tests.Test1" name="SubmitOrder" time="4.746"/>
  <testcase classname="TestFW.Tests.Test1" name="SubmitOrder" time="5.161"/>
</testsuite> <!-- TestFW.Tests.Test1 -->
