<?xml version="1.0" encoding="UTF-8"?>
<!-- Generated by org.testng.reporters.JUnitReportReporter -->
<testsuite hostname="Diksha" failures="0" tests="2" name="TestFW.Tests.Test1" time="14.103" errors="0" timestamp="17 May 2024 12:49:20 GMT" skipped="0">
  <testcase classname="TestFW.Tests.Test1" name="SubmitOrder" time="8.374"/>
  <testcase classname="TestFW.Tests.Test1" name="SubmitOrder" time="5.729"/>
</testsuite> <!-- TestFW.Tests.Test1 -->
